e:\project4\codeanalyzer\analyzer\debug\vc141.pdb
e:\project4\codeanalyzer\analyzer\debug\vc141.idb
e:\project4\codeanalyzer\analyzer\debug\executive.obj
e:\project4\codeanalyzer\analyzer\debug\utilities.obj
e:\project4\codeanalyzer\analyzer\debug\tokenizer.obj
e:\project4\codeanalyzer\analyzer\debug\semiexp.obj
e:\project4\codeanalyzer\analyzer\debug\scopestack.obj
e:\project4\codeanalyzer\analyzer\debug\parser.obj
e:\project4\codeanalyzer\analyzer\debug\configureparser.obj
e:\project4\codeanalyzer\analyzer\debug\actionsandrules.obj
e:\project4\codeanalyzer\analyzer\debug\logger.obj
e:\project4\codeanalyzer\analyzer\debug\grammarhelpers.obj
e:\project4\codeanalyzer\analyzer\debug\filesystem.obj
e:\project4\codeanalyzer\analyzer\debug\filemgr.obj
e:\project4\codeanalyzer\analyzer\debug\abstrsyntree.obj
e:\project4\debug\codeanalyzer.ilk
e:\project4\debug\codeanalyzer.exe
e:\project4\debug\codeanalyzer.pdb
d:\project4\debug\codeanalyzer.exe
d:\project4\codeanalyzer\analyzer\debug\codeanalyzer.tlog\cl.command.1.tlog
d:\project4\codeanalyzer\analyzer\debug\codeanalyzer.tlog\cl.read.1.tlog
d:\project4\codeanalyzer\analyzer\debug\codeanalyzer.tlog\cl.write.1.tlog
d:\project4\codeanalyzer\analyzer\debug\codeanalyzer.tlog\link.command.1.tlog
d:\project4\codeanalyzer\analyzer\debug\codeanalyzer.tlog\link.read.1.tlog
d:\project4\codeanalyzer\analyzer\debug\codeanalyzer.tlog\link.write.1.tlog
